  Generating API documentation with Doxygen
CUSTOMBUILD : warning : Tag 'COLS_IN_ALPHA_INDEX' at line 60 of file 'C:/Users/ndima/Desktop/NEW_YARD/dependency_injection_assignment/_build/Doxyfile' has become obsolete.
           To avoid this warning please remove this line from your configuration file or upgrade it using "doxygen -u"
CUSTOMBUILD : warning : Tag 'HTML_TIMESTAMP' at line 76 of file 'C:/Users/ndima/Desktop/NEW_YARD/dependency_injection_assignment/_build/Doxyfile' has become obsolete.
           To avoid this warning please remove this line from your configuration file or upgrade it using "doxygen -u"
CUSTOMBUILD : warning : Tag 'FORMULA_TRANSPARENT' at line 106 of file 'C:/Users/ndima/Desktop/NEW_YARD/dependency_injection_assignment/_build/Doxyfile' has become obsolete.
           To avoid this warning please remove this line from your configuration file or upgrade it using "doxygen -u"
CUSTOMBUILD : warning : Tag 'CLASS_DIAGRAMS' at line 166 of file 'C:/Users/ndima/Desktop/NEW_YARD/dependency_injection_assignment/_build/Doxyfile' has become obsolete.
           To avoid this warning please remove this line from your configuration file or upgrade it using "doxygen -u"
CUSTOMBUILD : warning : Tag 'DOT_FONTNAME' at line 171 of file 'C:/Users/ndima/Desktop/NEW_YARD/dependency_injection_assignment/_build/Doxyfile' has become obsolete.
           To avoid this warning please remove this line from your configuration file or upgrade it using "doxygen -u"
CUSTOMBUILD : warning : Tag 'DOT_FONTSIZE' at line 172 of file 'C:/Users/ndima/Desktop/NEW_YARD/dependency_injection_assignment/_build/Doxyfile' has become obsolete.
           To avoid this warning please remove this line from your configuration file or upgrade it using "doxygen -u"
CUSTOMBUILD : warning : Tag 'DOT_TRANSPARENT' at line 197 of file 'C:/Users/ndima/Desktop/NEW_YARD/dependency_injection_assignment/_build/Doxyfile' has become obsolete.
           To avoid this warning please remove this line from your configuration file or upgrade it using "doxygen -u"
CUSTOMBUILD : warning : No files to be processed, please check your settings, in particular INPUT, FILE_PATTERNS, and RECURSIVE
  C:/Users/ndima/Desktop/NEW_YARD/dependency_injection_assignment/_build/doc_doxygen/html/graph_legend.dot:1: error: Problems running dot: exit code=1, command='dot.exe', arguments='"C:/Users/ndima/Desktop/NEW_YARD/dependency_injection_assignment/_build/doc_doxygen/html/graph_legend.dot" -Tpng -o "C:/Users/ndima/Desktop/NEW_YARD/dependency_injection_assignment/_build/doc_doxygen/html/graph_legend.png"'
  
  Doxygen version used: 1.9.7 (a2f34e1ed90f83713dc347b5134920f32c455d46)
  Notice: Output directory 'C:/Users/ndima/Desktop/NEW_YARD/dependency_injection_assignment/_build/doc_doxygen/' does not exist. I have created it for you.
  Searching for include files...
  Searching for example files...
  Searching for images...
  Searching for dot files...
  Searching for msc files...
  Searching for dia files...
  Searching for files to exclude
  Searching INPUT for files to process...
  Searching for files in directory C:/Users/ndima/Desktop/NEW_YARD/dependency_injection_assignment/dependency_injection/include
  Searching for files in directory C:/Users/ndima/Desktop/NEW_YARD/dependency_injection_assignment/dependency_injection/src
  Searching for files in directory C:/Users/ndima/Desktop/NEW_YARD/dependency_injection_assignment/dependency_injection/docs
  Reading and parsing tag files
  Parsing files
  Building macro definition list...
  Building group list...
  Building directory list...
  Building namespace list...
  Building file list...
  Building class list...
  Building concept list...
  Computing nesting relations for classes...
  Associating documentation with classes...
  Associating documentation with concepts...
  Building example list...
  Searching for enumerations...
  Searching for documented typedefs...
  Searching for members imported via using declarations...
  Searching for included using directives...
  Searching for documented variables...
  Building interface member list...
  Building member list...
  Searching for friends...
  Searching for documented defines...
  Computing class inheritance relations...
  Computing class usage relations...
  Flushing cached template relations that have become invalid...
  Computing class relations...
  Add enum values to enums...
  Searching for member function documentation...
  Creating members for template instances...
  Building page list...
  Search for main page...
  Computing page relations...
  Determining the scope of groups...
  Sorting lists...
  Determining which enums are documented
  Computing member relations...
  Building full member lists recursively...
  Adding members to member groups.
  Computing member references...
  Inheriting documentation...
  Generating disk names...
  Adding source references...
  Adding xrefitems...
  Sorting member lists...
  Setting anonymous enum type...
  Computing dependencies between directories...
  Generating citations page...
  Counting members...
  Counting data structures...
  Resolving user defined references...
  Finding anchors and sections in the documentation...
  Transferring function references...
  Combining using relations...
  Adding members to index pages...
  Correcting members for VHDL...
  Computing tooltip texts...
  Generating style sheet...
  Generating search indices...
  Generating example documentation...
  Generating file sources...
  Generating file documentation...
  Generating page documentation...
  Generating group documentation...
  Generating class documentation...
  Generating concept documentation...
  Generating namespace documentation...
  Generating graph info page...
  Generating directory documentation...
  Generating index page...
  Generating page index...
  Generating module index...
  Generating namespace index...
  Generating namespace member index...
  Generating concept index...
  Generating annotated compound index...
  Generating alphabetical compound index...
  Generating hierarchical class index...
  Generating graphical class hierarchy...
  Generating member index...
  Generating file index...
  Generating file member index...
  Generating example index...
  finalizing index lists...
  writing tag file...
  Running plantuml with JAVA...
  Running dot...
  Running dot for graph 1/1
  type lookup cache used 0/65536 hits=0 misses=0
  symbol lookup cache used 0/65536 hits=0 misses=0
  finished...
  Building Custom Rule C:/Users/ndima/Desktop/NEW_YARD/dependency_injection_assignment/dependency_injection/CMakeLists.txt
